{"C:\\Users\\AlexTa\\Desktop\\AlexProject\\app.js": {"path":"C:\\Users\\AlexTa\\Desktop\\AlexProject\\app.js","statementMap":{"0":{"start":{"line":1,"column":16},"end":{"line":30,"column":1}},"1":{"start":{"line":2,"column":20},"end":{"line":28,"column":6}},"2":{"start":{"line":4,"column":24},"end":{"line":4,"column":42}},"3":{"start":{"line":5,"column":20},"end":{"line":5,"column":29}},"4":{"start":{"line":7,"column":23},"end":{"line":7,"column":49}},"5":{"start":{"line":10,"column":27},"end":{"line":10,"column":49}},"6":{"start":{"line":12,"column":8},"end":{"line":12,"column":73}},"7":{"start":{"line":13,"column":8},"end":{"line":13,"column":35}},"8":{"start":{"line":15,"column":25},"end":{"line":15,"column":44}},"9":{"start":{"line":16,"column":19},"end":{"line":16,"column":38}},"10":{"start":{"line":17,"column":8},"end":{"line":17,"column":50}},"11":{"start":{"line":17,"column":32},"end":{"line":17,"column":48}},"12":{"start":{"line":18,"column":8},"end":{"line":18,"column":65}},"13":{"start":{"line":18,"column":30},"end":{"line":18,"column":63}},"14":{"start":{"line":19,"column":8},"end":{"line":19,"column":57}},"15":{"start":{"line":21,"column":29},"end":{"line":21,"column":63}},"16":{"start":{"line":22,"column":8},"end":{"line":22,"column":42}},"17":{"start":{"line":23,"column":26},"end":{"line":23,"column":57}},"18":{"start":{"line":24,"column":8},"end":{"line":24,"column":36}},"19":{"start":{"line":25,"column":27},"end":{"line":25,"column":58}},"20":{"start":{"line":26,"column":8},"end":{"line":26,"column":37}},"21":{"start":{"line":27,"column":8},"end":{"line":27,"column":21}},"22":{"start":{"line":29,"column":4},"end":{"line":29,"column":19}},"23":{"start":{"line":34,"column":0},"end":{"line":34,"column":25}}},"fnMap":{"0":{"name":"(anonymous_0)","decl":{"start":{"line":1,"column":16},"end":{"line":1,"column":17}},"loc":{"start":{"line":1,"column":22},"end":{"line":30,"column":1}},"line":1},"1":{"name":"(anonymous_1)","decl":{"start":{"line":2,"column":32},"end":{"line":2,"column":33}},"loc":{"start":{"line":2,"column":51},"end":{"line":28,"column":5}},"line":2},"2":{"name":"(anonymous_2)","decl":{"start":{"line":17,"column":23},"end":{"line":17,"column":24}},"loc":{"start":{"line":17,"column":32},"end":{"line":17,"column":48}},"line":17},"3":{"name":"(anonymous_3)","decl":{"start":{"line":18,"column":24},"end":{"line":18,"column":25}},"loc":{"start":{"line":18,"column":30},"end":{"line":18,"column":63}},"line":18}},"branchMap":{},"s":{"0":1,"1":1,"2":1,"3":1,"4":1,"5":1,"6":1,"7":1,"8":1,"9":1,"10":1,"11":0,"12":1,"13":1,"14":1,"15":1,"16":1,"17":1,"18":1,"19":1,"20":1,"21":1,"22":1,"23":1},"f":{"0":1,"1":1,"2":0,"3":1},"b":{},"_coverageSchema":"1a1c01bbd47fc00a2c39e90264f33305004495a9","hash":"dae143e9d56b841abca2704d63d6f378733f455f"}
,"C:\\Users\\AlexTa\\Desktop\\AlexProject\\controllers\\item.js": {"path":"C:\\Users\\AlexTa\\Desktop\\AlexProject\\controllers\\item.js","statementMap":{"0":{"start":{"line":2,"column":13},"end":{"line":2,"column":44}},"1":{"start":{"line":4,"column":12},"end":{"line":22,"column":1}},"2":{"start":{"line":5,"column":4},"end":{"line":21,"column":5}},"3":{"start":{"line":7,"column":8},"end":{"line":12,"column":9}},"4":{"start":{"line":8,"column":12},"end":{"line":8,"column":62}},"5":{"start":{"line":11,"column":12},"end":{"line":11,"column":38}},"6":{"start":{"line":13,"column":8},"end":{"line":13,"column":36}},"7":{"start":{"line":14,"column":8},"end":{"line":14,"column":33}},"8":{"start":{"line":15,"column":8},"end":{"line":17,"column":9}},"9":{"start":{"line":15,"column":21},"end":{"line":15,"column":22}},"10":{"start":{"line":16,"column":12},"end":{"line":16,"column":36}},"11":{"start":{"line":19,"column":8},"end":{"line":19,"column":27}},"12":{"start":{"line":20,"column":8},"end":{"line":20,"column":36}},"13":{"start":{"line":24,"column":16},"end":{"line":33,"column":1}},"14":{"start":{"line":25,"column":4},"end":{"line":32,"column":5}},"15":{"start":{"line":26,"column":20},"end":{"line":26,"column":54}},"16":{"start":{"line":27,"column":8},"end":{"line":27,"column":36}},"17":{"start":{"line":28,"column":8},"end":{"line":28,"column":51}},"18":{"start":{"line":30,"column":8},"end":{"line":30,"column":27}},"19":{"start":{"line":31,"column":8},"end":{"line":31,"column":36}},"20":{"start":{"line":35,"column":13},"end":{"line":44,"column":1}},"21":{"start":{"line":36,"column":4},"end":{"line":43,"column":5}},"22":{"start":{"line":37,"column":22},"end":{"line":37,"column":49}},"23":{"start":{"line":38,"column":8},"end":{"line":38,"column":52}},"24":{"start":{"line":39,"column":8},"end":{"line":39,"column":36}},"25":{"start":{"line":41,"column":8},"end":{"line":41,"column":27}},"26":{"start":{"line":42,"column":8},"end":{"line":42,"column":44}},"27":{"start":{"line":46,"column":12},"end":{"line":57,"column":1}},"28":{"start":{"line":47,"column":4},"end":{"line":56,"column":5}},"29":{"start":{"line":48,"column":20},"end":{"line":50,"column":10}},"30":{"start":{"line":51,"column":8},"end":{"line":51,"column":36}},"31":{"start":{"line":52,"column":8},"end":{"line":52,"column":55}},"32":{"start":{"line":54,"column":8},"end":{"line":54,"column":27}},"33":{"start":{"line":55,"column":8},"end":{"line":55,"column":36}},"34":{"start":{"line":59,"column":19},"end":{"line":68,"column":1}},"35":{"start":{"line":60,"column":4},"end":{"line":67,"column":5}},"36":{"start":{"line":61,"column":22},"end":{"line":61,"column":65}},"37":{"start":{"line":62,"column":8},"end":{"line":62,"column":36}},"38":{"start":{"line":63,"column":8},"end":{"line":63,"column":51}},"39":{"start":{"line":65,"column":8},"end":{"line":65,"column":27}},"40":{"start":{"line":66,"column":8},"end":{"line":66,"column":36}},"41":{"start":{"line":70,"column":0},"end":{"line":70,"column":56}}},"fnMap":{"0":{"name":"(anonymous_0)","decl":{"start":{"line":4,"column":12},"end":{"line":4,"column":13}},"loc":{"start":{"line":4,"column":38},"end":{"line":22,"column":1}},"line":4},"1":{"name":"(anonymous_1)","decl":{"start":{"line":24,"column":16},"end":{"line":24,"column":17}},"loc":{"start":{"line":24,"column":42},"end":{"line":33,"column":1}},"line":24},"2":{"name":"(anonymous_2)","decl":{"start":{"line":35,"column":13},"end":{"line":35,"column":14}},"loc":{"start":{"line":35,"column":39},"end":{"line":44,"column":1}},"line":35},"3":{"name":"(anonymous_3)","decl":{"start":{"line":46,"column":12},"end":{"line":46,"column":13}},"loc":{"start":{"line":46,"column":38},"end":{"line":57,"column":1}},"line":46},"4":{"name":"(anonymous_4)","decl":{"start":{"line":59,"column":19},"end":{"line":59,"column":20}},"loc":{"start":{"line":59,"column":45},"end":{"line":68,"column":1}},"line":59}},"branchMap":{"0":{"loc":{"start":{"line":7,"column":8},"end":{"line":12,"column":9}},"type":"if","locations":[{"start":{"line":7,"column":8},"end":{"line":12,"column":9}},{"start":{"line":10,"column":13},"end":{"line":12,"column":9}}],"line":7}},"s":{"0":1,"1":1,"2":0,"3":0,"4":0,"5":0,"6":0,"7":0,"8":0,"9":0,"10":0,"11":0,"12":0,"13":1,"14":0,"15":0,"16":0,"17":0,"18":0,"19":0,"20":1,"21":0,"22":0,"23":0,"24":0,"25":0,"26":0,"27":1,"28":0,"29":0,"30":0,"31":0,"32":0,"33":0,"34":1,"35":0,"36":0,"37":0,"38":0,"39":0,"40":0,"41":1},"f":{"0":0,"1":0,"2":0,"3":0,"4":0},"b":{"0":[0,0]},"_coverageSchema":"1a1c01bbd47fc00a2c39e90264f33305004495a9","hash":"210d7bc4948d549a74a9a89ae53044e9d6991560"}
,"C:\\Users\\AlexTa\\Desktop\\AlexProject\\controllers\\post.js": {"path":"C:\\Users\\AlexTa\\Desktop\\AlexProject\\controllers\\post.js","statementMap":{"0":{"start":{"line":1,"column":19},"end":{"line":1,"column":41}},"1":{"start":{"line":2,"column":18},"end":{"line":2,"column":37}},"2":{"start":{"line":3,"column":13},"end":{"line":3,"column":44}},"3":{"start":{"line":5,"column":12},"end":{"line":24,"column":1}},"4":{"start":{"line":6,"column":4},"end":{"line":23,"column":5}},"5":{"start":{"line":8,"column":8},"end":{"line":15,"column":9}},"6":{"start":{"line":9,"column":12},"end":{"line":9,"column":65}},"7":{"start":{"line":10,"column":12},"end":{"line":10,"column":62}},"8":{"start":{"line":13,"column":12},"end":{"line":13,"column":37}},"9":{"start":{"line":14,"column":12},"end":{"line":14,"column":33}},"10":{"start":{"line":16,"column":8},"end":{"line":18,"column":9}},"11":{"start":{"line":16,"column":21},"end":{"line":16,"column":22}},"12":{"start":{"line":17,"column":12},"end":{"line":17,"column":35}},"13":{"start":{"line":19,"column":8},"end":{"line":19,"column":35}},"14":{"start":{"line":21,"column":8},"end":{"line":21,"column":27}},"15":{"start":{"line":22,"column":8},"end":{"line":22,"column":35}},"16":{"start":{"line":27,"column":15},"end":{"line":36,"column":1}},"17":{"start":{"line":28,"column":4},"end":{"line":35,"column":5}},"18":{"start":{"line":29,"column":19},"end":{"line":29,"column":53}},"19":{"start":{"line":30,"column":8},"end":{"line":30,"column":35}},"20":{"start":{"line":31,"column":8},"end":{"line":31,"column":55}},"21":{"start":{"line":33,"column":8},"end":{"line":33,"column":27}},"22":{"start":{"line":34,"column":8},"end":{"line":34,"column":35}},"23":{"start":{"line":38,"column":13},"end":{"line":47,"column":1}},"24":{"start":{"line":39,"column":4},"end":{"line":46,"column":5}},"25":{"start":{"line":40,"column":21},"end":{"line":40,"column":48}},"26":{"start":{"line":41,"column":8},"end":{"line":41,"column":49}},"27":{"start":{"line":42,"column":8},"end":{"line":42,"column":35}},"28":{"start":{"line":44,"column":8},"end":{"line":44,"column":27}},"29":{"start":{"line":45,"column":8},"end":{"line":45,"column":44}},"30":{"start":{"line":50,"column":12},"end":{"line":62,"column":1}},"31":{"start":{"line":51,"column":4},"end":{"line":61,"column":5}},"32":{"start":{"line":52,"column":23},"end":{"line":52,"column":45}},"33":{"start":{"line":53,"column":21},"end":{"line":55,"column":9}},"34":{"start":{"line":56,"column":19},"end":{"line":56,"column":62}},"35":{"start":{"line":57,"column":8},"end":{"line":57,"column":35}},"36":{"start":{"line":59,"column":8},"end":{"line":59,"column":27}},"37":{"start":{"line":60,"column":8},"end":{"line":60,"column":35}},"38":{"start":{"line":64,"column":17},"end":{"line":73,"column":1}},"39":{"start":{"line":65,"column":4},"end":{"line":72,"column":5}},"40":{"start":{"line":66,"column":19},"end":{"line":66,"column":62}},"41":{"start":{"line":67,"column":8},"end":{"line":67,"column":35}},"42":{"start":{"line":68,"column":8},"end":{"line":68,"column":53}},"43":{"start":{"line":70,"column":8},"end":{"line":70,"column":27}},"44":{"start":{"line":71,"column":8},"end":{"line":71,"column":35}},"45":{"start":{"line":76,"column":0},"end":{"line":76,"column":49}}},"fnMap":{"0":{"name":"(anonymous_0)","decl":{"start":{"line":5,"column":12},"end":{"line":5,"column":13}},"loc":{"start":{"line":5,"column":38},"end":{"line":24,"column":1}},"line":5},"1":{"name":"(anonymous_1)","decl":{"start":{"line":27,"column":15},"end":{"line":27,"column":16}},"loc":{"start":{"line":27,"column":41},"end":{"line":36,"column":1}},"line":27},"2":{"name":"(anonymous_2)","decl":{"start":{"line":38,"column":13},"end":{"line":38,"column":14}},"loc":{"start":{"line":38,"column":39},"end":{"line":47,"column":1}},"line":38},"3":{"name":"(anonymous_3)","decl":{"start":{"line":50,"column":12},"end":{"line":50,"column":13}},"loc":{"start":{"line":50,"column":38},"end":{"line":62,"column":1}},"line":50},"4":{"name":"(anonymous_4)","decl":{"start":{"line":64,"column":17},"end":{"line":64,"column":18}},"loc":{"start":{"line":64,"column":43},"end":{"line":73,"column":1}},"line":64}},"branchMap":{"0":{"loc":{"start":{"line":8,"column":8},"end":{"line":15,"column":9}},"type":"if","locations":[{"start":{"line":8,"column":8},"end":{"line":15,"column":9}},{"start":{"line":12,"column":13},"end":{"line":15,"column":9}}],"line":8}},"s":{"0":1,"1":1,"2":1,"3":1,"4":3,"5":3,"6":1,"7":1,"8":2,"9":2,"10":3,"11":3,"12":6,"13":3,"14":0,"15":0,"16":1,"17":3,"18":3,"19":3,"20":3,"21":0,"22":0,"23":1,"24":5,"25":5,"26":5,"27":5,"28":0,"29":0,"30":1,"31":1,"32":1,"33":1,"34":1,"35":1,"36":0,"37":0,"38":1,"39":1,"40":1,"41":1,"42":1,"43":0,"44":0,"45":1},"f":{"0":3,"1":3,"2":5,"3":1,"4":1},"b":{"0":[1,2]},"_coverageSchema":"1a1c01bbd47fc00a2c39e90264f33305004495a9","hash":"04533817f5247b3ab729482b9f528f6271c6c043"}
,"C:\\Users\\AlexTa\\Desktop\\AlexProject\\controllers\\student.js": {"path":"C:\\Users\\AlexTa\\Desktop\\AlexProject\\controllers\\student.js","statementMap":{"0":{"start":{"line":2,"column":16},"end":{"line":2,"column":50}},"1":{"start":{"line":4,"column":12},"end":{"line":24,"column":1}},"2":{"start":{"line":5,"column":4},"end":{"line":23,"column":5}},"3":{"start":{"line":7,"column":8},"end":{"line":12,"column":9}},"4":{"start":{"line":8,"column":12},"end":{"line":8,"column":68}},"5":{"start":{"line":11,"column":12},"end":{"line":11,"column":44}},"6":{"start":{"line":13,"column":8},"end":{"line":13,"column":39}},"7":{"start":{"line":14,"column":17},"end":{"line":14,"column":20}},"8":{"start":{"line":15,"column":8},"end":{"line":17,"column":9}},"9":{"start":{"line":15,"column":21},"end":{"line":15,"column":22}},"10":{"start":{"line":16,"column":12},"end":{"line":16,"column":40}},"11":{"start":{"line":18,"column":8},"end":{"line":18,"column":22}},"12":{"start":{"line":19,"column":8},"end":{"line":19,"column":42}},"13":{"start":{"line":21,"column":8},"end":{"line":21,"column":27}},"14":{"start":{"line":22,"column":8},"end":{"line":22,"column":39}},"15":{"start":{"line":26,"column":16},"end":{"line":53,"column":1}},"16":{"start":{"line":27,"column":4},"end":{"line":34,"column":5}},"17":{"start":{"line":28,"column":22},"end":{"line":28,"column":59}},"18":{"start":{"line":29,"column":8},"end":{"line":29,"column":38}},"19":{"start":{"line":30,"column":8},"end":{"line":30,"column":52}},"20":{"start":{"line":32,"column":8},"end":{"line":32,"column":27}},"21":{"start":{"line":33,"column":8},"end":{"line":33,"column":38}},"22":{"start":{"line":55,"column":13},"end":{"line":64,"column":1}},"23":{"start":{"line":56,"column":4},"end":{"line":63,"column":5}},"24":{"start":{"line":57,"column":24},"end":{"line":57,"column":54}},"25":{"start":{"line":58,"column":8},"end":{"line":58,"column":54}},"26":{"start":{"line":59,"column":8},"end":{"line":59,"column":38}},"27":{"start":{"line":61,"column":8},"end":{"line":61,"column":27}},"28":{"start":{"line":62,"column":8},"end":{"line":62,"column":44}},"29":{"start":{"line":66,"column":12},"end":{"line":79,"column":1}},"30":{"start":{"line":67,"column":4},"end":{"line":78,"column":5}},"31":{"start":{"line":68,"column":23},"end":{"line":68,"column":45}},"32":{"start":{"line":69,"column":21},"end":{"line":72,"column":9}},"33":{"start":{"line":73,"column":22},"end":{"line":73,"column":68}},"34":{"start":{"line":74,"column":8},"end":{"line":74,"column":38}},"35":{"start":{"line":76,"column":8},"end":{"line":76,"column":27}},"36":{"start":{"line":77,"column":8},"end":{"line":77,"column":38}},"37":{"start":{"line":81,"column":22},"end":{"line":90,"column":1}},"38":{"start":{"line":82,"column":4},"end":{"line":89,"column":5}},"39":{"start":{"line":83,"column":24},"end":{"line":83,"column":70}},"40":{"start":{"line":84,"column":8},"end":{"line":84,"column":38}},"41":{"start":{"line":85,"column":8},"end":{"line":85,"column":57}},"42":{"start":{"line":87,"column":8},"end":{"line":87,"column":27}},"43":{"start":{"line":88,"column":8},"end":{"line":88,"column":38}},"44":{"start":{"line":92,"column":0},"end":{"line":92,"column":58}}},"fnMap":{"0":{"name":"(anonymous_0)","decl":{"start":{"line":4,"column":12},"end":{"line":4,"column":13}},"loc":{"start":{"line":4,"column":37},"end":{"line":24,"column":1}},"line":4},"1":{"name":"(anonymous_1)","decl":{"start":{"line":26,"column":16},"end":{"line":26,"column":17}},"loc":{"start":{"line":26,"column":42},"end":{"line":53,"column":1}},"line":26},"2":{"name":"(anonymous_2)","decl":{"start":{"line":55,"column":13},"end":{"line":55,"column":14}},"loc":{"start":{"line":55,"column":39},"end":{"line":64,"column":1}},"line":55},"3":{"name":"(anonymous_3)","decl":{"start":{"line":66,"column":12},"end":{"line":66,"column":13}},"loc":{"start":{"line":66,"column":38},"end":{"line":79,"column":1}},"line":66},"4":{"name":"(anonymous_4)","decl":{"start":{"line":81,"column":22},"end":{"line":81,"column":23}},"loc":{"start":{"line":81,"column":48},"end":{"line":90,"column":1}},"line":81}},"branchMap":{"0":{"loc":{"start":{"line":7,"column":8},"end":{"line":12,"column":9}},"type":"if","locations":[{"start":{"line":7,"column":8},"end":{"line":12,"column":9}},{"start":{"line":10,"column":13},"end":{"line":12,"column":9}}],"line":7}},"s":{"0":1,"1":1,"2":3,"3":3,"4":0,"5":3,"6":3,"7":3,"8":3,"9":3,"10":10,"11":3,"12":3,"13":0,"14":0,"15":1,"16":3,"17":3,"18":3,"19":3,"20":0,"21":0,"22":1,"23":5,"24":5,"25":5,"26":5,"27":0,"28":0,"29":1,"30":1,"31":1,"32":1,"33":1,"34":1,"35":0,"36":0,"37":1,"38":1,"39":1,"40":1,"41":1,"42":0,"43":0,"44":1},"f":{"0":3,"1":3,"2":5,"3":1,"4":1},"b":{"0":[0,3]},"_coverageSchema":"1a1c01bbd47fc00a2c39e90264f33305004495a9","hash":"22901476046ecc2460861e21be0790fcccd7331e"}
,"C:\\Users\\AlexTa\\Desktop\\AlexProject\\models\\item_model.js": {"path":"C:\\Users\\AlexTa\\Desktop\\AlexProject\\models\\item_model.js","statementMap":{"0":{"start":{"line":1,"column":17},"end":{"line":1,"column":36}},"1":{"start":{"line":3,"column":19},"end":{"line":8,"column":2}},"2":{"start":{"line":10,"column":0},"end":{"line":10,"column":52}}},"fnMap":{},"branchMap":{},"s":{"0":1,"1":1,"2":1},"f":{},"b":{},"_coverageSchema":"1a1c01bbd47fc00a2c39e90264f33305004495a9","hash":"84439129301b1b69de98af724f709d738382ae9c"}
,"C:\\Users\\AlexTa\\Desktop\\AlexProject\\models\\post_model.js": {"path":"C:\\Users\\AlexTa\\Desktop\\AlexProject\\models\\post_model.js","statementMap":{"0":{"start":{"line":1,"column":17},"end":{"line":1,"column":36}},"1":{"start":{"line":3,"column":19},"end":{"line":12,"column":2}},"2":{"start":{"line":14,"column":0},"end":{"line":14,"column":52}}},"fnMap":{},"branchMap":{},"s":{"0":1,"1":1,"2":1},"f":{},"b":{},"_coverageSchema":"1a1c01bbd47fc00a2c39e90264f33305004495a9","hash":"1fae3e917fbd0f3e53cf4e75af8d846d0d712bb5"}
,"C:\\Users\\AlexTa\\Desktop\\AlexProject\\models\\student_model.js": {"path":"C:\\Users\\AlexTa\\Desktop\\AlexProject\\models\\student_model.js","statementMap":{"0":{"start":{"line":1,"column":17},"end":{"line":1,"column":36}},"1":{"start":{"line":3,"column":22},"end":{"line":16,"column":2}},"2":{"start":{"line":18,"column":0},"end":{"line":18,"column":58}}},"fnMap":{},"branchMap":{},"s":{"0":1,"1":1,"2":1},"f":{},"b":{},"_coverageSchema":"1a1c01bbd47fc00a2c39e90264f33305004495a9","hash":"14b99016f244038a20eb2891414c3792ceb94014"}
,"C:\\Users\\AlexTa\\Desktop\\AlexProject\\routes\\item_routes.js": {"path":"C:\\Users\\AlexTa\\Desktop\\AlexProject\\routes\\item_routes.js","statementMap":{"0":{"start":{"line":1,"column":16},"end":{"line":1,"column":34}},"1":{"start":{"line":2,"column":15},"end":{"line":2,"column":31}},"2":{"start":{"line":3,"column":13},"end":{"line":3,"column":46}},"3":{"start":{"line":5,"column":0},"end":{"line":5,"column":26}},"4":{"start":{"line":7,"column":0},"end":{"line":7,"column":33}},"5":{"start":{"line":9,"column":0},"end":{"line":9,"column":28}},"6":{"start":{"line":11,"column":0},"end":{"line":11,"column":29}},"7":{"start":{"line":13,"column":0},"end":{"line":13,"column":39}},"8":{"start":{"line":16,"column":0},"end":{"line":16,"column":24}}},"fnMap":{},"branchMap":{},"s":{"0":1,"1":1,"2":1,"3":1,"4":1,"5":1,"6":1,"7":1,"8":1},"f":{},"b":{},"_coverageSchema":"1a1c01bbd47fc00a2c39e90264f33305004495a9","hash":"d16f7c86406e8ace304cc07848b2526bed68bd35"}
,"C:\\Users\\AlexTa\\Desktop\\AlexProject\\routes\\post_routes.js": {"path":"C:\\Users\\AlexTa\\Desktop\\AlexProject\\routes\\post_routes.js","statementMap":{"0":{"start":{"line":1,"column":16},"end":{"line":1,"column":34}},"1":{"start":{"line":2,"column":15},"end":{"line":2,"column":31}},"2":{"start":{"line":3,"column":13},"end":{"line":3,"column":46}},"3":{"start":{"line":5,"column":0},"end":{"line":5,"column":26}},"4":{"start":{"line":7,"column":0},"end":{"line":7,"column":32}},"5":{"start":{"line":9,"column":0},"end":{"line":9,"column":28}},"6":{"start":{"line":11,"column":0},"end":{"line":11,"column":29}},"7":{"start":{"line":13,"column":0},"end":{"line":13,"column":38}},"8":{"start":{"line":16,"column":0},"end":{"line":16,"column":24}}},"fnMap":{},"branchMap":{},"s":{"0":1,"1":1,"2":1,"3":1,"4":1,"5":1,"6":1,"7":1,"8":1},"f":{},"b":{},"_coverageSchema":"1a1c01bbd47fc00a2c39e90264f33305004495a9","hash":"9615bb7b2e74427c347bb83b94498ef8548a51cf"}
,"C:\\Users\\AlexTa\\Desktop\\AlexProject\\routes\\student_routes.js": {"path":"C:\\Users\\AlexTa\\Desktop\\AlexProject\\routes\\student_routes.js","statementMap":{"0":{"start":{"line":1,"column":16},"end":{"line":1,"column":34}},"1":{"start":{"line":2,"column":15},"end":{"line":2,"column":31}},"2":{"start":{"line":3,"column":16},"end":{"line":3,"column":52}},"3":{"start":{"line":5,"column":0},"end":{"line":5,"column":29}},"4":{"start":{"line":6,"column":0},"end":{"line":6,"column":36}},"5":{"start":{"line":8,"column":0},"end":{"line":8,"column":31}},"6":{"start":{"line":10,"column":0},"end":{"line":10,"column":32}},"7":{"start":{"line":12,"column":0},"end":{"line":12,"column":45}},"8":{"start":{"line":14,"column":0},"end":{"line":14,"column":24}}},"fnMap":{},"branchMap":{},"s":{"0":1,"1":1,"2":1,"3":1,"4":1,"5":1,"6":1,"7":1,"8":1},"f":{},"b":{},"_coverageSchema":"1a1c01bbd47fc00a2c39e90264f33305004495a9","hash":"308a83702a6c0bcef3e6fb31da9e3a1e22b16454"}
}
